[INFO ]2023-07-21 09:26:56.882 [main]LoggerLoad-**************getting the end point for post**************https://lms-api-hackathon-june2023-930a8b0f895d.herokuapp.com/lms/saveprogram
[INFO ]2023-07-21 09:26:59.964 [main]LoggerLoad-**************getting the end point for post**************/deletebyprogid/null
[INFO ]2023-07-21 09:27:00.005 [main]LoggerLoad-**************getting the end point for post**************/deletebyprogid/null
[INFO ]2023-07-21 09:28:14.606 [main]LoggerLoad-**************getting the end point for post**************https://lms-api-hackathon-june2023-930a8b0f895d.herokuapp.com/lms/saveprogram
[INFO ]2023-07-21 09:28:17.851 [main]LoggerLoad-**************getting the end point for post**************/deletebyprogid/null
[INFO ]2023-07-21 09:28:17.898 [main]LoggerLoad-**************getting the end point for post**************/deletebyprogid/null
[INFO ]2023-07-21 09:35:24.174 [main]LoggerLoad-**************getting the end point for post**************https://lms-api-hackathon-june2023-930a8b0f895d.herokuapp.com/lms/saveprogram
[INFO ]2023-07-21 09:35:27.366 [main]LoggerLoad-**************getting the end point for post**************/deletebyprogid/10697
[INFO ]2023-07-21 09:35:27.406 [main]LoggerLoad-**************getting the end point for post**************/deletebyprogid/10697
[INFO ]2023-07-21 09:38:23.156 [main]LoggerLoad-**************getting the end point for post**************https://lms-api-hackathon-june2023-930a8b0f895d.herokuapp.com/lms/saveprogram
[INFO ]2023-07-21 09:38:23.415 [main]LoggerLoad-**************getting the end point for post**************https://lms-api-hackathon-june2023-930a8b0f895d.herokuapp.com/lms/deletebyprogid/10697
[INFO ]2023-07-21 09:38:24.579 [main]LoggerLoad-**************getting the end point for post**************https://lms-api-hackathon-june2023-930a8b0f895d.herokuapp.com/lms/deletebyprogid/10697
[INFO ]2023-07-21 09:47:14.297 [main]LoggerLoad-**************getting the end point for post**************https://lms-api-hackathon-june2023-930a8b0f895d.herokuapp.com/lms/saveprogram
[INFO ]2023-07-21 09:47:14.548 [main]LoggerLoad-**************getting the end point for post**************https://lms-api-hackathon-june2023-930a8b0f895d.herokuapp.com/lms/deletebyprogid/null
[INFO ]2023-07-21 09:47:15.667 [main]LoggerLoad-**************getting the end point for post**************https://lms-api-hackathon-june2023-930a8b0f895d.herokuapp.com/lms/deletebyprogid/null
[INFO ]2023-07-21 09:48:23.308 [main]LoggerLoad-**************getting the end point for post**************https://lms-api-hackathon-june2023-930a8b0f895d.herokuapp.com/lms/saveprogram
[INFO ]2023-07-21 09:48:23.555 [main]LoggerLoad-**************getting the end point for post**************https://lms-api-hackathon-june2023-930a8b0f895d.herokuapp.com/lms/deletebyprogid/
[INFO ]2023-07-21 09:48:24.687 [main]LoggerLoad-**************getting the end point for post**************https://lms-api-hackathon-june2023-930a8b0f895d.herokuapp.com/lms/deletebyprogid/
[INFO ]2023-07-21 09:50:21.896 [main]LoggerLoad-**************getting the end point for post**************https://lms-api-hackathon-june2023-930a8b0f895d.herokuapp.com/lms/saveprogram
[INFO ]2023-07-21 09:50:25.098 [main]LoggerLoad-**************getting the end point for post**************https://lms-api-hackathon-june2023-930a8b0f895d.herokuapp.com/lms/deletebyprogid/
[INFO ]2023-07-21 09:50:25.455 [main]LoggerLoad-**************getting the end point for post**************https://lms-api-hackathon-june2023-930a8b0f895d.herokuapp.com/lms/deletebyprogid/
[INFO ]2023-07-21 09:54:35.501 [main]LoggerLoad-**************getting the end point for post**************https://lms-api-hackathon-june2023-930a8b0f895d.herokuapp.com/lms/saveprogram
[INFO ]2023-07-21 09:54:35.761 [main]LoggerLoad-**************getting the end point for post**************https://lms-api-hackathon-june2023-930a8b0f895d.herokuapp.com/lms/deletebyprogid/
[INFO ]2023-07-21 09:54:36.948 [main]LoggerLoad-**************getting the end point for post**************https://lms-api-hackathon-june2023-930a8b0f895d.herokuapp.com/lms/deletebyprogid/
[INFO ]2023-07-21 09:56:51.447 [main]LoggerLoad-**************getting the end point for post**************https://lms-api-hackathon-june2023-930a8b0f895d.herokuapp.com/lms/saveprogram
[INFO ]2023-07-21 09:56:51.717 [main]LoggerLoad-**************getting the end point for post**************https://lms-api-hackathon-june2023-930a8b0f895d.herokuapp.com/lms/deletebyprogid/
[INFO ]2023-07-21 09:56:53.084 [main]LoggerLoad-**************getting the end point for post**************https://lms-api-hackathon-june2023-930a8b0f895d.herokuapp.com/lms/deletebyprogid/
[INFO ]2023-07-21 09:58:03.447 [main]LoggerLoad-**************getting the end point for post**************https://lms-api-hackathon-june2023-930a8b0f895d.herokuapp.com/lms/saveprogram
[INFO ]2023-07-21 09:58:03.739 [main]LoggerLoad-**************getting the end point for post**************https://lms-api-hackathon-june2023-930a8b0f895d.herokuapp.com/lms/deletebyprogid/
[INFO ]2023-07-21 09:58:04.961 [main]LoggerLoad-**************getting the end point for post**************https://lms-api-hackathon-june2023-930a8b0f895d.herokuapp.com/lms/deletebyprogid/
[INFO ]2023-07-21 09:59:13.614 [main]LoggerLoad-**************getting the end point for post**************https://lms-api-hackathon-june2023-930a8b0f895d.herokuapp.com/lms/saveprogram
[INFO ]2023-07-21 09:59:16.647 [main]LoggerLoad-**************getting the end point for post**************https://lms-api-hackathon-june2023-930a8b0f895d.herokuapp.com/lms/deletebyprogid/
[INFO ]2023-07-21 09:59:16.867 [main]LoggerLoad-**************getting the end point for post**************https://lms-api-hackathon-june2023-930a8b0f895d.herokuapp.com/lms/deletebyprogid/
[INFO ]2023-07-21 10:03:05.136 [main]LoggerLoad-**************getting the end point for post**************https://lms-api-hackathon-june2023-930a8b0f895d.herokuapp.com/lms/saveprogram
[INFO ]2023-07-21 10:03:08.190 [main]LoggerLoad-**************getting the end point for post**************https://lms-api-hackathon-june2023-930a8b0f895d.herokuapp.com/lms/deletebyprogid/
[INFO ]2023-07-21 10:03:08.394 [main]LoggerLoad-**************getting the end point for post**************https://lms-api-hackathon-june2023-930a8b0f895d.herokuapp.com/lms/deletebyprogid/
[INFO ]2023-07-21 10:04:53.723 [main]LoggerLoad-**************getting the end point for post**************https://lms-api-hackathon-june2023-930a8b0f895d.herokuapp.com/lms/saveprogram
[INFO ]2023-07-21 10:04:56.903 [main]LoggerLoad-**************getting the end point for post**************https://lms-api-hackathon-june2023-930a8b0f895d.herokuapp.com/lms/deletebyprogid/
[INFO ]2023-07-21 10:04:57.089 [main]LoggerLoad-**************getting the end point for post**************https://lms-api-hackathon-june2023-930a8b0f895d.herokuapp.com/lms/deletebyprogid/
[INFO ]2023-07-21 10:09:31.426 [main]LoggerLoad-**************getting the end point for post**************https://lms-api-hackathon-june2023-930a8b0f895d.herokuapp.com/lms/saveprogram
[INFO ]2023-07-21 10:09:34.294 [main]LoggerLoad-**************getting the end point for post**************https://lms-api-hackathon-june2023-930a8b0f895d.herokuapp.com/lms/deletebyprogid/
[INFO ]2023-07-21 10:09:34.994 [main]LoggerLoad-**************getting the end point for post**************https://lms-api-hackathon-june2023-930a8b0f895d.herokuapp.com/lms/deletebyprogid/
[INFO ]2023-07-21 10:40:58.990 [main]LoggerLoad-**************getting the end point for post**************https://lms-api-hackathon-june2023-930a8b0f895d.herokuapp.com/lms/saveprogram
[INFO ]2023-07-21 10:41:09.894 [main]LoggerLoad-**************getting the end point for post**************https://lms-api-hackathon-june2023-930a8b0f895d.herokuapp.com/lms/deletebyprogid/
[INFO ]2023-07-21 10:41:10.406 [main]LoggerLoad-**************getting the end point for post**************https://lms-api-hackathon-june2023-930a8b0f895d.herokuapp.com/lms/deletebyprogid/
[INFO ]2023-07-21 10:52:00.777 [main]LoggerLoad-**************getting the end point for post**************https://lms-api-hackathon-june2023-930a8b0f895d.herokuapp.com/lms/saveprogram
[INFO ]2023-07-21 10:52:13.677 [main]LoggerLoad-**************getting the end point for post**************https://lms-api-hackathon-june2023-930a8b0f895d.herokuapp.com/lms/deletebyprogid/
[INFO ]2023-07-21 10:52:14.196 [main]LoggerLoad-**************getting the end point for post**************https://lms-api-hackathon-june2023-930a8b0f895d.herokuapp.com/lms/deletebyprogid/
[INFO ]2023-07-21 10:55:10.049 [main]LoggerLoad-**************getting the end point for post**************https://lms-api-hackathon-june2023-930a8b0f895d.herokuapp.com/lms/saveprogram
[INFO ]2023-07-21 10:55:18.690 [main]LoggerLoad-**************getting the end point for post**************https://lms-api-hackathon-june2023-930a8b0f895d.herokuapp.com/lms/deletebyprogid/
[INFO ]2023-07-21 10:55:19.114 [main]LoggerLoad-**************getting the end point for post**************https://lms-api-hackathon-june2023-930a8b0f895d.herokuapp.com/lms/deletebyprogid/
[INFO ]2023-07-21 11:00:18.396 [main]LoggerLoad-**************getting the end point for post**************https://lms-api-hackathon-june2023-930a8b0f895d.herokuapp.com/lms/saveprogram
[INFO ]2023-07-21 11:00:34.779 [main]LoggerLoad-**************getting the end point for post**************https://lms-api-hackathon-june2023-930a8b0f895d.herokuapp.com/lms/deletebyprogid/
[INFO ]2023-07-21 11:00:35.356 [main]LoggerLoad-**************getting the end point for post**************https://lms-api-hackathon-june2023-930a8b0f895d.herokuapp.com/lms/deletebyprogid/
[INFO ]2023-07-21 11:02:03.062 [main]LoggerLoad-**************getting the end point for post**************https://lms-api-hackathon-june2023-930a8b0f895d.herokuapp.com/lms/saveprogram
[INFO ]2023-07-21 11:02:09.481 [main]LoggerLoad-**************getting the end point for post**************https://lms-api-hackathon-june2023-930a8b0f895d.herokuapp.com/lms/deletebyprogid/
[INFO ]2023-07-21 11:02:09.890 [main]LoggerLoad-**************getting the end point for post**************https://lms-api-hackathon-june2023-930a8b0f895d.herokuapp.com/lms/deletebyprogid/
[INFO ]2023-07-21 11:06:08.174 [main]LoggerLoad-**************getting the end point for post**************https://lms-api-hackathon-june2023-930a8b0f895d.herokuapp.com/lms/saveprogram
[INFO ]2023-07-21 11:06:20.429 [main]LoggerLoad-**************getting the end point for post**************https://lms-api-hackathon-june2023-930a8b0f895d.herokuapp.com/lms/deletebyprogid/
[INFO ]2023-07-21 11:06:20.953 [main]LoggerLoad-**************getting the end point for post**************https://lms-api-hackathon-june2023-930a8b0f895d.herokuapp.com/lms/deletebyprogid/
[INFO ]2023-07-21 12:40:18.797 [main]LoggerLoad-**************getting the end point for post**************https://lms-api-hackathon-june2023-930a8b0f895d.herokuapp.com/lms/saveprogram
[INFO ]2023-07-21 12:40:21.951 [main]LoggerLoad-**************getting the end point for post**************https://lms-api-hackathon-june2023-930a8b0f895d.herokuapp.com/lms/deletebyprogid/
[INFO ]2023-07-21 12:40:22.218 [main]LoggerLoad-**************getting the end point for post**************https://lms-api-hackathon-june2023-930a8b0f895d.herokuapp.com/lms/deletebyprogid/
[INFO ]2023-07-21 13:34:39.805 [main]LoggerLoad-**************getting the end point for post**************https://lms-api-hackathon-june2023-930a8b0f895d.herokuapp.com/lms/saveprogram
[INFO ]2023-07-21 13:34:42.243 [main]LoggerLoad-****************Program is created valid data*********************
[INFO ]2023-07-21 13:34:42.494 [main]LoggerLoad-****************Program creation with invalid data*************
[INFO ]2023-07-21 13:34:42.742 [main]LoggerLoad-****************Program is created valid data*********************
[INFO ]2023-07-21 13:34:42.972 [main]LoggerLoad-**************getting the end point for post**************https://lms-api-hackathon-june2023-930a8b0f895d.herokuapp.com/lms/deletebyprogid/
[INFO ]2023-07-21 13:34:43.272 [main]LoggerLoad-**************getting the end point for post**************https://lms-api-hackathon-june2023-930a8b0f895d.herokuapp.com/lms/deletebyprogid/
[INFO ]2023-07-21 13:46:24.318 [main]LoggerLoad-**************getting the end point for post**************https://lms-api-hackathon-june2023-930a8b0f895d.herokuapp.com/lms/saveprogram
[INFO ]2023-07-21 13:46:26.889 [main]LoggerLoad-****************Program is created valid data*********************
[INFO ]2023-07-21 13:46:26.983 [main]LoggerLoad-****************Program creation with invalid data*************
[INFO ]2023-07-21 13:46:27.206 [main]LoggerLoad-****************Program is created valid data*********************
[INFO ]2023-07-21 13:46:27.442 [main]LoggerLoad-**************getting the end point for post**************https://lms-api-hackathon-june2023-930a8b0f895d.herokuapp.com/lms/deletebyprogid/
[INFO ]2023-07-21 13:46:27.497 [main]LoggerLoad-**************getting the end point for post**************https://lms-api-hackathon-june2023-930a8b0f895d.herokuapp.com/lms/deletebyprogid/
[INFO ]2023-07-21 13:52:40.801 [main]LoggerLoad-**************getting the end point for post**************https://lms-api-hackathon-june2023-930a8b0f895d.herokuapp.com/lms/saveprogram
[INFO ]2023-07-21 13:52:43.198 [main]LoggerLoad-****************Program is created valid data*********************
[INFO ]2023-07-21 13:52:43.538 [main]LoggerLoad-****************Program is created valid data*********************
[INFO ]2023-07-21 13:52:43.577 [main]LoggerLoad-**************retrieve all the programs **************https://lms-api-hackathon-june2023-930a8b0f895d.herokuapp.com/lms/allPrograms
[INFO ]2023-07-21 13:52:43.597 [main]LoggerLoad-**************retrieve all the programs **************https://lms-api-hackathon-june2023-930a8b0f895d.herokuapp.com/lms/allPrograms
[INFO ]2023-07-21 13:52:43.616 [main]LoggerLoad-**************retrieve all the programs **************https://lms-api-hackathon-june2023-930a8b0f895d.herokuapp.com/lms/allPrograms
[INFO ]2023-07-21 13:56:08.265 [main]LoggerLoad-**************getting the end point for post**************https://lms-api-hackathon-june2023-930a8b0f895d.herokuapp.com/lms/saveprogram
[INFO ]2023-07-21 13:56:10.722 [main]LoggerLoad-****************Program is created valid data*********************
[INFO ]2023-07-21 13:56:11.102 [main]LoggerLoad-****************Program is created valid data*********************
[INFO ]2023-07-21 13:56:11.151 [main]LoggerLoad-**************retrieve all the programs **************https://lms-api-hackathon-june2023-930a8b0f895d.herokuapp.com/lms/allPrograms
[INFO ]2023-07-21 13:56:11.189 [main]LoggerLoad-**************retrieve all the programs **************https://lms-api-hackathon-june2023-930a8b0f895d.herokuapp.com/lms/allPrograms
[INFO ]2023-07-21 13:56:11.231 [main]LoggerLoad-**************retrieve all the programs **************https://lms-api-hackathon-june2023-930a8b0f895d.herokuapp.com/lms/allPrograms
[INFO ]2023-07-21 13:57:04.921 [main]LoggerLoad-**************getting the end point for post**************https://lms-api-hackathon-june2023-930a8b0f895d.herokuapp.com/lms/saveprogram
[INFO ]2023-07-21 13:57:07.239 [main]LoggerLoad-****************Program is created valid data*********************
[INFO ]2023-07-21 13:57:07.550 [main]LoggerLoad-****************Program is created valid data*********************
[INFO ]2023-07-21 13:57:07.588 [main]LoggerLoad-**************retrieve all the programs **************https://lms-api-hackathon-june2023-930a8b0f895d.herokuapp.com/lms/allPrograms
[INFO ]2023-07-21 13:57:07.611 [main]LoggerLoad-**************retrieve all the programs **************https://lms-api-hackathon-june2023-930a8b0f895d.herokuapp.com/lms/allPrograms
[INFO ]2023-07-21 13:57:07.627 [main]LoggerLoad-**************retrieve all the programs **************https://lms-api-hackathon-june2023-930a8b0f895d.herokuapp.com/lms/allPrograms
[INFO ]2023-07-21 13:58:46.414 [main]LoggerLoad-**************getting the end point for post**************https://lms-api-hackathon-june2023-930a8b0f895d.herokuapp.com/lms/saveprogram
[INFO ]2023-07-21 13:58:46.555 [main]LoggerLoad-**************retrieve all the programs **************https://lms-api-hackathon-june2023-930a8b0f895d.herokuapp.com/lms/allPrograms
[INFO ]2023-07-21 13:58:46.578 [main]LoggerLoad-**************retrieve all the programs **************https://lms-api-hackathon-june2023-930a8b0f895d.herokuapp.com/lms/allPrograms
[INFO ]2023-07-21 13:58:46.597 [main]LoggerLoad-**************retrieve all the programs **************https://lms-api-hackathon-june2023-930a8b0f895d.herokuapp.com/lms/allPrograms
[INFO ]2023-07-21 14:05:53.932 [main]LoggerLoad-**************getting the end point for post**************https://lms-api-hackathon-june2023-930a8b0f895d.herokuapp.com/lms/saveprogram
[INFO ]2023-07-21 14:05:54.056 [main]LoggerLoad-**************retrieve all the programs **************https://lms-api-hackathon-june2023-930a8b0f895d.herokuapp.com/lms/allPrograms
[INFO ]2023-07-21 14:05:54.083 [main]LoggerLoad-**************retrieve all the programs **************https://lms-api-hackathon-june2023-930a8b0f895d.herokuapp.com/lms/allPrograms
[INFO ]2023-07-21 14:05:54.114 [main]LoggerLoad-**************retrieve all the programs **************https://lms-api-hackathon-june2023-930a8b0f895d.herokuapp.com/lms/allPrograms
[INFO ]2023-07-21 14:07:54.680 [main]LoggerLoad-**************getting the end point for post**************https://lms-api-hackathon-june2023-930a8b0f895d.herokuapp.com/lms/saveprogram
[INFO ]2023-07-21 14:07:56.957 [main]LoggerLoad-****************Program is created valid data*********************
[INFO ]2023-07-21 14:07:57.307 [main]LoggerLoad-****************Program is created valid data*********************
[INFO ]2023-07-21 14:07:57.340 [main]LoggerLoad-**************retrieve all the programs **************https://lms-api-hackathon-june2023-930a8b0f895d.herokuapp.com/lms/allPrograms
[INFO ]2023-07-21 14:07:57.358 [main]LoggerLoad-**************retrieve all the programs **************https://lms-api-hackathon-june2023-930a8b0f895d.herokuapp.com/lms/allPrograms
[INFO ]2023-07-21 14:07:57.373 [main]LoggerLoad-**************retrieve all the programs **************https://lms-api-hackathon-june2023-930a8b0f895d.herokuapp.com/lms/allPrograms
[INFO ]2023-07-21 14:10:55.055 [main]LoggerLoad-**************getting the end point for post**************https://lms-api-hackathon-june2023-930a8b0f895d.herokuapp.com/lms/saveprogram
[INFO ]2023-07-21 14:10:57.392 [main]LoggerLoad-****************Program is created valid data*********************
[INFO ]2023-07-21 14:10:57.700 [main]LoggerLoad-****************Program is created valid data*********************
[INFO ]2023-07-21 14:10:57.722 [main]LoggerLoad-**************retrieve all the programs **************https://lms-api-hackathon-june2023-930a8b0f895d.herokuapp.com/lms/allPrograms
[INFO ]2023-07-21 14:10:57.742 [main]LoggerLoad-**************retrieve all the programs **************https://lms-api-hackathon-june2023-930a8b0f895d.herokuapp.com/lms/allPrograms
[INFO ]2023-07-21 14:10:57.757 [main]LoggerLoad-**************retrieve all the programs **************https://lms-api-hackathon-june2023-930a8b0f895d.herokuapp.com/lms/allPrograms
[INFO ]2023-07-21 14:20:39.731 [main]LoggerLoad-**************getting the end point for post**************https://lms-api-hackathon-june2023-930a8b0f895d.herokuapp.com/lms/saveprogram
[INFO ]2023-07-21 14:20:41.996 [main]LoggerLoad-****************Program is created valid data*********************
[INFO ]2023-07-21 14:20:42.299 [main]LoggerLoad-****************Program is created valid data*********************
[INFO ]2023-07-21 14:20:42.319 [main]LoggerLoad-**************retrieve all the programs **************https://lms-api-hackathon-june2023-930a8b0f895d.herokuapp.com/lms/allPrograms
[INFO ]2023-07-21 14:20:42.564 [main]LoggerLoad-**************retrieve all the programs **************https://lms-api-hackathon-june2023-930a8b0f895d.herokuapp.com/lms/allPrograms
[INFO ]2023-07-21 14:20:42.577 [main]LoggerLoad-**************retrieve all the programs **************https://lms-api-hackathon-june2023-930a8b0f895d.herokuapp.com/lms/allPrograms
[INFO ]2023-07-21 14:58:22.984 [main]LoggerLoad-**************getting the end point for post**************https://lms-api-hackathon-june2023-930a8b0f895d.herokuapp.com/lms/saveprogram
[INFO ]2023-07-21 14:58:25.142 [main]LoggerLoad-****************Program is created valid data*********************
[INFO ]2023-07-21 14:58:25.460 [main]LoggerLoad-****************Program is created valid data*********************
[INFO ]2023-07-21 14:58:25.478 [main]LoggerLoad-**************retrieve all the programs **************https://lms-api-hackathon-june2023-930a8b0f895d.herokuapp.com/lms/allPrograms
[INFO ]2023-07-21 14:58:25.769 [main]LoggerLoad-**************retrieve all the programs **************https://lms-api-hackathon-june2023-930a8b0f895d.herokuapp.com/lms/allPrograms
[INFO ]2023-07-21 14:58:25.786 [main]LoggerLoad-**************retrieve all the programs **************https://lms-api-hackathon-june2023-930a8b0f895d.herokuapp.com/lms/allPrograms
[INFO ]2023-07-21 15:04:16.641 [main]LoggerLoad-**************getting the end point for post**************https://lms-api-hackathon-june2023-930a8b0f895d.herokuapp.com/lms/saveprogram
[INFO ]2023-07-21 15:04:18.985 [main]LoggerLoad-****************Program is created valid data*********************
[INFO ]2023-07-21 15:04:19.293 [main]LoggerLoad-****************Program is created valid data*********************
[INFO ]2023-07-21 15:04:19.318 [main]LoggerLoad-**************retrieve all the programs **************https://lms-api-hackathon-june2023-930a8b0f895d.herokuapp.com/lms/allPrograms
[INFO ]2023-07-21 15:04:19.605 [main]LoggerLoad-**************retrieve all the programs **************https://lms-api-hackathon-june2023-930a8b0f895d.herokuapp.com/lms/allPrograms
[INFO ]2023-07-21 15:04:19.755 [main]LoggerLoad-**************retrieve all the programs **************https://lms-api-hackathon-june2023-930a8b0f895d.herokuapp.com/lms/allPrograms
[INFO ]2023-07-21 15:07:02.163 [main]LoggerLoad-**************getting the end point for post**************https://lms-api-hackathon-june2023-930a8b0f895d.herokuapp.com/lms/saveprogram
[INFO ]2023-07-21 15:07:04.401 [main]LoggerLoad-****************Program is created valid data*********************
[INFO ]2023-07-21 15:07:04.720 [main]LoggerLoad-****************Program is created valid data*********************
[INFO ]2023-07-21 15:07:04.746 [main]LoggerLoad-**************retrieve all the programs **************https://lms-api-hackathon-june2023-930a8b0f895d.herokuapp.com/lms/allPrograms
[INFO ]2023-07-21 15:07:05.028 [main]LoggerLoad-**************retrieve all the programs **************https://lms-api-hackathon-june2023-930a8b0f895d.herokuapp.com/lms/allPrograms
[INFO ]2023-07-21 15:07:05.177 [main]LoggerLoad-*************GET ALL PROGRAMS**********https://lms-api-hackathon-june2023-930a8b0f895d.herokuapp.com/lms/programs/10708
[INFO ]2023-07-21 15:07:05.191 [main]LoggerLoad-**************retrieve all the programs **************https://lms-api-hackathon-june2023-930a8b0f895d.herokuapp.com/lms/allPrograms
[INFO ]2023-07-21 15:15:10.369 [main]LoggerLoad-**************getting the end point for post**************https://lms-api-hackathon-june2023-930a8b0f895d.herokuapp.com/lms/saveprogram
[INFO ]2023-07-21 15:15:13.065 [main]LoggerLoad-****************Program is created valid data*********************
[INFO ]2023-07-21 15:15:13.437 [main]LoggerLoad-****************Program is created valid data*********************
[INFO ]2023-07-21 15:15:13.467 [main]LoggerLoad-**************retrieve all the programs **************https://lms-api-hackathon-june2023-930a8b0f895d.herokuapp.com/lms/allPrograms
[INFO ]2023-07-21 15:15:13.739 [main]LoggerLoad-**************retrieve all the programs **************https://lms-api-hackathon-june2023-930a8b0f895d.herokuapp.com/lms/allPrograms
[INFO ]2023-07-21 15:15:13.886 [main]LoggerLoad-*************GET ALL PROGRAMS**********https://lms-api-hackathon-june2023-930a8b0f895d.herokuapp.com/lms/programs/10708
[INFO ]2023-07-21 15:15:13.900 [main]LoggerLoad-**************retrieve all the programs **************https://lms-api-hackathon-june2023-930a8b0f895d.herokuapp.com/lms/allPrograms
[INFO ]2023-07-21 15:20:21.803 [main]LoggerLoad-**************getting the end point for post**************https://lms-api-hackathon-june2023-930a8b0f895d.herokuapp.com/lms/saveprogram
[INFO ]2023-07-21 15:20:24.530 [main]LoggerLoad-****************Program is created valid data*********************
[INFO ]2023-07-21 15:20:24.850 [main]LoggerLoad-****************Program is created valid data*********************
[INFO ]2023-07-21 15:20:24.868 [main]LoggerLoad-**************retrieve all the programs **************https://lms-api-hackathon-june2023-930a8b0f895d.herokuapp.com/lms/allPrograms
[INFO ]2023-07-21 15:20:25.127 [main]LoggerLoad-**************retrieve all the programs **************https://lms-api-hackathon-june2023-930a8b0f895d.herokuapp.com/lms/allPrograms
[INFO ]2023-07-21 15:20:25.331 [main]LoggerLoad-**************retrieve all the programs **************https://lms-api-hackathon-june2023-930a8b0f895d.herokuapp.com/lms/allPrograms
[INFO ]2023-07-21 15:26:04.596 [main]LoggerLoad-**************getting the end point for post**************https://lms-api-hackathon-june2023-930a8b0f895d.herokuapp.com/lms/saveprogram
[INFO ]2023-07-21 15:26:07.075 [main]LoggerLoad-****************Program is created valid data*********************
[INFO ]2023-07-21 15:26:07.409 [main]LoggerLoad-****************Program is created valid data*********************
[INFO ]2023-07-21 15:26:07.434 [main]LoggerLoad-**************retrieve all the programs **************https://lms-api-hackathon-june2023-930a8b0f895d.herokuapp.com/lms/allPrograms
[INFO ]2023-07-21 15:26:07.679 [main]LoggerLoad-**************retrieve all the programs **************https://lms-api-hackathon-june2023-930a8b0f895d.herokuapp.com/lms/allPrograms
[INFO ]2023-07-21 15:26:07.817 [main]LoggerLoad-*************GET ALL PROGRAMS**********https://lms-api-hackathon-june2023-930a8b0f895d.herokuapp.com/lms/programs/10739
[INFO ]2023-07-21 15:26:07.834 [main]LoggerLoad-**************retrieve all the programs **************https://lms-api-hackathon-june2023-930a8b0f895d.herokuapp.com/lms/allPrograms
[INFO ]2023-07-21 15:26:07.976 [main]LoggerLoad-*************GET  PROGRAM BY ID**********https://lms-api-hackathon-june2023-930a8b0f895d.herokuapp.com/lms/programs/10730
[INFO ]2023-07-21 18:18:09.397 [main]LoggerLoad-**************getting the end point for post**************https://lms-api-hackathon-june2023-930a8b0f895d.herokuapp.com/lms/saveprogram
[INFO ]2023-07-21 18:18:18.948 [main]LoggerLoad-****************Program is created valid data*********************
[INFO ]2023-07-21 18:18:20.261 [main]LoggerLoad-****************Program is created valid data*********************
[INFO ]2023-07-21 18:18:20.326 [main]LoggerLoad-**************retrieve all the programs **************https://lms-api-hackathon-june2023-930a8b0f895d.herokuapp.com/lms/allPrograms
[INFO ]2023-07-21 18:18:20.827 [main]LoggerLoad-**************retrieve all the programs **************https://lms-api-hackathon-june2023-930a8b0f895d.herokuapp.com/lms/allPrograms
[INFO ]2023-07-21 18:18:21.041 [main]LoggerLoad-*************GET PROGRAMS by valid programid**********https://lms-api-hackathon-june2023-930a8b0f895d.herokuapp.com/lms/programs/10739
[INFO ]2023-07-21 18:18:21.091 [main]LoggerLoad-**************retrieve all the programs **************https://lms-api-hackathon-june2023-930a8b0f895d.herokuapp.com/lms/allPrograms
[INFO ]2023-07-21 18:18:21.374 [main]LoggerLoad-*************GET  PROGRAM BY invalid ID**********https://lms-api-hackathon-june2023-930a8b0f895d.herokuapp.com/lms/programs/10730
[INFO ]2023-07-21 18:20:01.904 [main]LoggerLoad-**************getting the end point for post**************https://lms-api-hackathon-june2023-930a8b0f895d.herokuapp.com/lms/saveprogram
[INFO ]2023-07-21 18:20:16.710 [main]LoggerLoad-****************Program is created valid data*********************
[INFO ]2023-07-21 18:20:18.155 [main]LoggerLoad-****************Program is created valid data*********************
[INFO ]2023-07-21 18:20:18.236 [main]LoggerLoad-**************retrieve all the programs **************https://lms-api-hackathon-june2023-930a8b0f895d.herokuapp.com/lms/allPrograms
[INFO ]2023-07-21 18:20:18.920 [main]LoggerLoad-**************retrieve all the programs **************https://lms-api-hackathon-june2023-930a8b0f895d.herokuapp.com/lms/allPrograms
[INFO ]2023-07-21 18:20:19.207 [main]LoggerLoad-*************GET PROGRAMS by valid programid**********https://lms-api-hackathon-june2023-930a8b0f895d.herokuapp.com/lms/programs/10739
[INFO ]2023-07-21 18:20:19.279 [main]LoggerLoad-**************retrieve all the programs **************https://lms-api-hackathon-june2023-930a8b0f895d.herokuapp.com/lms/allPrograms
[INFO ]2023-07-21 18:28:30.868 [main]LoggerLoad-**************getting the end point for post**************https://lms-api-hackathon-june2023-930a8b0f895d.herokuapp.com/lms/saveprogram
[INFO ]2023-07-21 18:28:33.155 [main]LoggerLoad-****************Program is created valid data*********************
[INFO ]2023-07-21 18:28:33.179 [main]LoggerLoad-**************retrieve all the programs **************https://lms-api-hackathon-june2023-930a8b0f895d.herokuapp.com/lms/allPrograms
[INFO ]2023-07-21 18:28:33.426 [main]LoggerLoad-**************retrieve all the programs **************https://lms-api-hackathon-june2023-930a8b0f895d.herokuapp.com/lms/allPrograms
[INFO ]2023-07-21 18:28:33.577 [main]LoggerLoad-*************GET PROGRAMS by valid programid**********https://lms-api-hackathon-june2023-930a8b0f895d.herokuapp.com/lms/programs/10739
[INFO ]2023-07-21 20:13:34.120 [main]LoggerLoad-**************getting the end point for post**************https://lms-api-hackathon-june2023-930a8b0f895d.herokuapp.com/lms/saveprogram
[INFO ]2023-07-21 20:13:36.688 [main]LoggerLoad-****************Program is created valid data*********************
[INFO ]2023-07-21 20:13:37.239 [main]LoggerLoad-****************Program is created valid data*********************
[INFO ]2023-07-21 20:13:37.274 [main]LoggerLoad-**************retrieve all the programs **************https://lms-api-hackathon-june2023-930a8b0f895d.herokuapp.com/lms/allPrograms
[INFO ]2023-07-21 20:13:37.514 [main]LoggerLoad-**************retrieve all the programs **************https://lms-api-hackathon-june2023-930a8b0f895d.herokuapp.com/lms/allPrograms
[INFO ]2023-07-21 20:13:37.744 [main]LoggerLoad-*************GET PROGRAMS by valid programid**********https://lms-api-hackathon-june2023-930a8b0f895d.herokuapp.com/lms/programs/10739
[INFO ]2023-07-21 20:13:37.760 [main]LoggerLoad-**************retrieve all the programs **************https://lms-api-hackathon-june2023-930a8b0f895d.herokuapp.com/lms/allPrograms
[INFO ]2023-07-21 20:18:53.098 [main]LoggerLoad-**************getting the end point for post**************https://lms-api-hackathon-june2023-930a8b0f895d.herokuapp.com/lms/saveprogram
[INFO ]2023-07-21 20:18:55.333 [main]LoggerLoad-****************Program is created valid data*********************
[INFO ]2023-07-21 20:18:55.667 [main]LoggerLoad-****************Program is created valid data*********************
[INFO ]2023-07-21 20:18:55.688 [main]LoggerLoad-**************retrieve all the programs **************https://lms-api-hackathon-june2023-930a8b0f895d.herokuapp.com/lms/allPrograms
[INFO ]2023-07-21 20:18:55.885 [main]LoggerLoad-**************retrieve all the programs **************https://lms-api-hackathon-june2023-930a8b0f895d.herokuapp.com/lms/allPrograms
[INFO ]2023-07-21 20:18:56.069 [main]LoggerLoad-*************GET PROGRAMS by valid programid**********https://lms-api-hackathon-june2023-930a8b0f895d.herokuapp.com/lms/programs/10739
[INFO ]2023-07-21 20:18:56.083 [main]LoggerLoad-**************retrieve all the programs **************https://lms-api-hackathon-june2023-930a8b0f895d.herokuapp.com/lms/allPrograms
[INFO ]2023-07-21 20:29:28.679 [main]LoggerLoad-**************getting the end point for post**************https://lms-api-hackathon-june2023-930a8b0f895d.herokuapp.com/lms/saveprogram
[INFO ]2023-07-21 20:29:31.033 [main]LoggerLoad-****************Program is created valid data*********************
[INFO ]2023-07-21 20:29:31.342 [main]LoggerLoad-****************Program is created valid data*********************
[INFO ]2023-07-21 20:29:31.366 [main]LoggerLoad-**************retrieve all the programs **************https://lms-api-hackathon-june2023-930a8b0f895d.herokuapp.com/lms/allPrograms
[INFO ]2023-07-21 20:29:31.551 [main]LoggerLoad-**************retrieve all the programs **************https://lms-api-hackathon-june2023-930a8b0f895d.herokuapp.com/lms/allPrograms
[INFO ]2023-07-21 20:29:31.763 [main]LoggerLoad-*************GET PROGRAMS by valid programid**********https://lms-api-hackathon-june2023-930a8b0f895d.herokuapp.com/lms/programs/10739
[INFO ]2023-07-21 20:29:31.782 [main]LoggerLoad-**************retrieve all the programs **************https://lms-api-hackathon-june2023-930a8b0f895d.herokuapp.com/lms/allPrograms
[INFO ]2023-07-21 20:34:21.481 [main]LoggerLoad-**************getting the end point for post**************https://lms-api-hackathon-june2023-930a8b0f895d.herokuapp.com/lms/saveprogram
[INFO ]2023-07-21 20:34:23.976 [main]LoggerLoad-****************Program is created valid data*********************
[INFO ]2023-07-21 20:34:24.289 [main]LoggerLoad-****************Program is created valid data*********************
[INFO ]2023-07-21 20:34:24.306 [main]LoggerLoad-**************retrieve all the programs **************https://lms-api-hackathon-june2023-930a8b0f895d.herokuapp.com/lms/allPrograms
[INFO ]2023-07-21 20:34:24.530 [main]LoggerLoad-**************retrieve all the programs **************https://lms-api-hackathon-june2023-930a8b0f895d.herokuapp.com/lms/allPrograms
[INFO ]2023-07-21 20:34:24.708 [main]LoggerLoad-*************GET PROGRAMS by valid programid**********https://lms-api-hackathon-june2023-930a8b0f895d.herokuapp.com/lms/programs/10739
[INFO ]2023-07-21 20:34:24.773 [main]LoggerLoad-**************retrieve all the programs **************https://lms-api-hackathon-june2023-930a8b0f895d.herokuapp.com/lms/allPrograms
[INFO ]2023-07-21 20:39:36.520 [main]LoggerLoad-**************getting the end point for post**************https://lms-api-hackathon-june2023-930a8b0f895d.herokuapp.com/lms/saveprogram
[INFO ]2023-07-21 20:39:39.325 [main]LoggerLoad-****************Program is created valid data*********************
[INFO ]2023-07-21 20:39:39.716 [main]LoggerLoad-****************Program is created valid data*********************
[INFO ]2023-07-21 20:39:39.772 [main]LoggerLoad-**************retrieve all the programs **************https://lms-api-hackathon-june2023-930a8b0f895d.herokuapp.com/lms/allPrograms
[INFO ]2023-07-21 20:39:40.009 [main]LoggerLoad-**************retrieve all the programs **************https://lms-api-hackathon-june2023-930a8b0f895d.herokuapp.com/lms/allPrograms
[INFO ]2023-07-21 20:39:40.209 [main]LoggerLoad-*************GET PROGRAMS by valid programid**********https://lms-api-hackathon-june2023-930a8b0f895d.herokuapp.com/lms/programs/10739
[INFO ]2023-07-21 20:39:40.232 [main]LoggerLoad-**************retrieve all the programs **************https://lms-api-hackathon-june2023-930a8b0f895d.herokuapp.com/lms/allPrograms
[INFO ]2023-07-21 21:07:26.954 [main]LoggerLoad-**************getting the end point for post**************https://lms-api-hackathon-june2023-930a8b0f895d.herokuapp.com/lms/saveprogram
[INFO ]2023-07-21 21:07:30.530 [main]LoggerLoad-****************Program is created valid data*********************
[INFO ]2023-07-21 21:07:31.336 [main]LoggerLoad-****************Program is created valid data*********************
[INFO ]2023-07-21 21:07:31.427 [main]LoggerLoad-**************retrieve all the programs **************https://lms-api-hackathon-june2023-930a8b0f895d.herokuapp.com/lms/allPrograms
[INFO ]2023-07-21 21:07:31.911 [main]LoggerLoad-**************retrieve all the programs **************https://lms-api-hackathon-june2023-930a8b0f895d.herokuapp.com/lms/allPrograms
[INFO ]2023-07-21 21:07:32.303 [main]LoggerLoad-*************GET PROGRAMS by valid programid**********https://lms-api-hackathon-june2023-930a8b0f895d.herokuapp.com/lms/programs/10739
[INFO ]2023-07-21 21:07:32.356 [main]LoggerLoad-**************retrieve all the programs **************https://lms-api-hackathon-june2023-930a8b0f895d.herokuapp.com/lms/allPrograms
[INFO ]2023-07-21 21:12:16.989 [main]LoggerLoad-**************getting the end point for post**************https://lms-api-hackathon-june2023-930a8b0f895d.herokuapp.com/lms/saveprogram
[INFO ]2023-07-21 21:12:19.594 [main]LoggerLoad-****************Program is created valid data*********************
[INFO ]2023-07-21 21:12:19.897 [main]LoggerLoad-****************Program is created valid data*********************
[INFO ]2023-07-21 21:12:19.935 [main]LoggerLoad-**************retrieve all the programs **************https://lms-api-hackathon-june2023-930a8b0f895d.herokuapp.com/lms/allPrograms
[INFO ]2023-07-21 21:12:20.341 [main]LoggerLoad-**************retrieve all the programs **************https://lms-api-hackathon-june2023-930a8b0f895d.herokuapp.com/lms/allPrograms
[INFO ]2023-07-21 21:12:20.529 [main]LoggerLoad-*************GET PROGRAMS by valid programid**********https://lms-api-hackathon-june2023-930a8b0f895d.herokuapp.com/lms/programs/10739
[INFO ]2023-07-21 21:12:20.547 [main]LoggerLoad-**************retrieve all the programs **************https://lms-api-hackathon-june2023-930a8b0f895d.herokuapp.com/lms/allPrograms
[INFO ]2023-07-21 21:14:21.239 [main]LoggerLoad-**************getting the end point for post**************https://lms-api-hackathon-june2023-930a8b0f895d.herokuapp.com/lms/saveprogram
[INFO ]2023-07-21 21:14:23.646 [main]LoggerLoad-****************Program is created valid data*********************
[INFO ]2023-07-21 21:14:23.966 [main]LoggerLoad-****************Program is created valid data*********************
[INFO ]2023-07-21 21:14:23.994 [main]LoggerLoad-**************retrieve all the programs **************https://lms-api-hackathon-june2023-930a8b0f895d.herokuapp.com/lms/allPrograms
[INFO ]2023-07-21 21:14:24.319 [main]LoggerLoad-**************retrieve all the programs **************https://lms-api-hackathon-june2023-930a8b0f895d.herokuapp.com/lms/allPrograms
[INFO ]2023-07-21 21:14:24.493 [main]LoggerLoad-*************GET PROGRAMS by valid programid**********https://lms-api-hackathon-june2023-930a8b0f895d.herokuapp.com/lms/programs/10739
[INFO ]2023-07-21 21:14:24.506 [main]LoggerLoad-**************retrieve all the programs **************https://lms-api-hackathon-june2023-930a8b0f895d.herokuapp.com/lms/allPrograms
[INFO ]2023-07-21 21:15:52.518 [main]LoggerLoad-**************getting the end point for post**************https://lms-api-hackathon-june2023-930a8b0f895d.herokuapp.com/lms/saveprogram
[INFO ]2023-07-21 21:15:54.765 [main]LoggerLoad-****************Program is created valid data*********************
[INFO ]2023-07-21 21:15:55.105 [main]LoggerLoad-****************Program is created valid data*********************
[INFO ]2023-07-21 21:15:55.122 [main]LoggerLoad-**************retrieve all the programs **************https://lms-api-hackathon-june2023-930a8b0f895d.herokuapp.com/lms/allPrograms
[INFO ]2023-07-21 21:15:55.607 [main]LoggerLoad-**************retrieve all the programs **************https://lms-api-hackathon-june2023-930a8b0f895d.herokuapp.com/lms/allPrograms
[INFO ]2023-07-21 21:15:55.790 [main]LoggerLoad-*************GET PROGRAMS by valid programid**********https://lms-api-hackathon-june2023-930a8b0f895d.herokuapp.com/lms/programs/10739
[INFO ]2023-07-21 21:15:55.802 [main]LoggerLoad-**************retrieve all the programs **************https://lms-api-hackathon-june2023-930a8b0f895d.herokuapp.com/lms/allPrograms
[INFO ]2023-07-21 21:19:40.550 [main]LoggerLoad-**************getting the end point for post**************https://lms-api-hackathon-june2023-930a8b0f895d.herokuapp.com/lms/saveprogram
[INFO ]2023-07-21 21:19:42.742 [main]LoggerLoad-****************Program is created valid data*********************
[INFO ]2023-07-21 21:19:43.049 [main]LoggerLoad-****************Program is created valid data*********************
[INFO ]2023-07-21 21:19:43.071 [main]LoggerLoad-**************retrieve all the programs **************https://lms-api-hackathon-june2023-930a8b0f895d.herokuapp.com/lms/allPrograms
[INFO ]2023-07-21 21:19:43.449 [main]LoggerLoad-**************retrieve all the programs **************https://lms-api-hackathon-june2023-930a8b0f895d.herokuapp.com/lms/allPrograms
[INFO ]2023-07-21 21:19:43.622 [main]LoggerLoad-*************GET PROGRAMS by valid programid**********https://lms-api-hackathon-june2023-930a8b0f895d.herokuapp.com/lms/programs/10739
[INFO ]2023-07-21 21:19:43.638 [main]LoggerLoad-**************retrieve all the programs **************https://lms-api-hackathon-june2023-930a8b0f895d.herokuapp.com/lms/allPrograms
[INFO ]2023-07-21 21:28:28.647 [main]LoggerLoad-**************getting the end point for post**************https://lms-api-hackathon-june2023-930a8b0f895d.herokuapp.com/lms/saveprogram
[INFO ]2023-07-21 21:28:31.141 [main]LoggerLoad-****************Program is created valid data*********************
[INFO ]2023-07-21 21:28:31.448 [main]LoggerLoad-****************Program is created valid data*********************
[INFO ]2023-07-21 21:28:31.465 [main]LoggerLoad-**************retrieve all the programs **************https://lms-api-hackathon-june2023-930a8b0f895d.herokuapp.com/lms/allPrograms
[INFO ]2023-07-21 21:28:31.903 [main]LoggerLoad-**************retrieve all the programs **************https://lms-api-hackathon-june2023-930a8b0f895d.herokuapp.com/lms/allPrograms
[INFO ]2023-07-21 21:28:32.102 [main]LoggerLoad-*************GET PROGRAMS by valid programid**********https://lms-api-hackathon-june2023-930a8b0f895d.herokuapp.com/lms/programs/10739
[INFO ]2023-07-21 21:28:32.114 [main]LoggerLoad-**************retrieve all the programs **************https://lms-api-hackathon-june2023-930a8b0f895d.herokuapp.com/lms/allPrograms
[INFO ]2023-07-21 21:33:34.547 [main]LoggerLoad-**************getting the end point for post**************https://lms-api-hackathon-june2023-930a8b0f895d.herokuapp.com/lms/saveprogram
[INFO ]2023-07-21 21:33:36.901 [main]LoggerLoad-****************Program is created valid data*********************
[INFO ]2023-07-21 21:33:37.219 [main]LoggerLoad-****************Program is created valid data*********************
[INFO ]2023-07-21 21:33:37.252 [main]LoggerLoad-**************retrieve all the programs **************https://lms-api-hackathon-june2023-930a8b0f895d.herokuapp.com/lms/allPrograms
[INFO ]2023-07-21 21:33:37.308 [main]LoggerLoad-**************retrieve all the programs **************https://lms-api-hackathon-june2023-930a8b0f895d.herokuapp.com/lms/allPrograms
[INFO ]2023-07-21 21:33:37.529 [main]LoggerLoad-*************GET PROGRAMS by valid programid**********https://lms-api-hackathon-june2023-930a8b0f895d.herokuapp.com/lms/programs/10739
[INFO ]2023-07-21 21:33:37.546 [main]LoggerLoad-**************retrieve all the programs **************https://lms-api-hackathon-june2023-930a8b0f895d.herokuapp.com/lms/allPrograms
[INFO ]2023-07-21 21:35:57.930 [main]LoggerLoad-**************getting the end point for post**************https://lms-api-hackathon-june2023-930a8b0f895d.herokuapp.com/lms/saveprogram
[INFO ]2023-07-21 21:36:00.357 [main]LoggerLoad-****************Program is created valid data*********************
[INFO ]2023-07-21 21:36:00.698 [main]LoggerLoad-****************Program is created valid data*********************
[INFO ]2023-07-21 21:36:00.720 [main]LoggerLoad-**************retrieve all the programs **************https://lms-api-hackathon-june2023-930a8b0f895d.herokuapp.com/lms/allPrograms
[INFO ]2023-07-21 21:36:01.175 [main]LoggerLoad-**************retrieve all the programs **************https://lms-api-hackathon-june2023-930a8b0f895d.herokuapp.com/lms/allPrograms
[INFO ]2023-07-21 21:36:01.382 [main]LoggerLoad-*************GET PROGRAMS by valid programid**********https://lms-api-hackathon-june2023-930a8b0f895d.herokuapp.com/lms/programs/10739
[INFO ]2023-07-21 21:36:01.397 [main]LoggerLoad-**************retrieve all the programs **************https://lms-api-hackathon-june2023-930a8b0f895d.herokuapp.com/lms/allPrograms
[INFO ]2023-07-21 21:49:54.149 [main]LoggerLoad-**************getting the end point for post**************https://lms-api-hackathon-june2023-930a8b0f895d.herokuapp.com/lms/saveprogram
[INFO ]2023-07-21 21:50:00.158 [main]LoggerLoad-****************Program is created valid data*********************
[INFO ]2023-07-21 21:50:01.435 [main]LoggerLoad-****************Program is created valid data*********************
[INFO ]2023-07-21 21:50:01.519 [main]LoggerLoad-**************retrieve all the programs **************https://lms-api-hackathon-june2023-930a8b0f895d.herokuapp.com/lms/allPrograms
[INFO ]2023-07-21 21:50:05.241 [main]LoggerLoad-**************retrieve all the programs **************https://lms-api-hackathon-june2023-930a8b0f895d.herokuapp.com/lms/allPrograms
[INFO ]2023-07-21 21:50:05.645 [main]LoggerLoad-*************GET PROGRAMS by valid programid**********https://lms-api-hackathon-june2023-930a8b0f895d.herokuapp.com/lms/programs/10739
[INFO ]2023-07-21 21:50:05.701 [main]LoggerLoad-**************retrieve all the programs **************https://lms-api-hackathon-june2023-930a8b0f895d.herokuapp.com/lms/allPrograms
[INFO ]2023-07-21 21:54:06.116 [main]LoggerLoad-**************getting the end point for post**************https://lms-api-hackathon-june2023-930a8b0f895d.herokuapp.com/lms/saveprogram
[INFO ]2023-07-21 21:54:08.560 [main]LoggerLoad-****************Program is created valid data*********************
[INFO ]2023-07-21 21:54:08.896 [main]LoggerLoad-****************Program is created valid data*********************
[INFO ]2023-07-21 21:54:08.918 [main]LoggerLoad-**************retrieve all the programs **************https://lms-api-hackathon-june2023-930a8b0f895d.herokuapp.com/lms/allPrograms
[INFO ]2023-07-21 21:54:09.772 [main]LoggerLoad-**************retrieve all the programs **************https://lms-api-hackathon-june2023-930a8b0f895d.herokuapp.com/lms/allPrograms
[INFO ]2023-07-21 21:54:09.975 [main]LoggerLoad-**************retrieve all the programs **************https://lms-api-hackathon-june2023-930a8b0f895d.herokuapp.com/lms/allPrograms
[INFO ]2023-07-21 21:57:06.897 [main]LoggerLoad-**************getting the end point for post**************https://lms-api-hackathon-june2023-930a8b0f895d.herokuapp.com/lms/saveprogram
[INFO ]2023-07-21 21:57:09.564 [main]LoggerLoad-****************Program is created valid data*********************
[INFO ]2023-07-21 21:57:09.962 [main]LoggerLoad-****************Program is created valid data*********************
[INFO ]2023-07-21 21:57:09.993 [main]LoggerLoad-**************retrieve all the programs **************https://lms-api-hackathon-june2023-930a8b0f895d.herokuapp.com/lms/allPrograms
[INFO ]2023-07-21 21:57:11.624 [main]LoggerLoad-**************retrieve all the programs **************https://lms-api-hackathon-june2023-930a8b0f895d.herokuapp.com/lms/allPrograms
[INFO ]2023-07-21 21:57:11.993 [main]LoggerLoad-**************retrieve all the programs **************https://lms-api-hackathon-june2023-930a8b0f895d.herokuapp.com/lms/allPrograms
[INFO ]2023-07-21 22:07:58.605 [main]LoggerLoad-**************getting the end point for post**************https://lms-api-hackathon-june2023-930a8b0f895d.herokuapp.com/lms/saveprogram
[INFO ]2023-07-21 22:08:04.756 [main]LoggerLoad-****************Program is created valid data*********************
[INFO ]2023-07-21 22:08:05.587 [main]LoggerLoad-****************Program is created valid data*********************
[INFO ]2023-07-21 22:08:05.689 [main]LoggerLoad-**************retrieve all the programs **************https://lms-api-hackathon-june2023-930a8b0f895d.herokuapp.com/lms/allPrograms
[INFO ]2023-07-21 22:08:08.251 [main]LoggerLoad-**************retrieve all the programs **************https://lms-api-hackathon-june2023-930a8b0f895d.herokuapp.com/lms/allPrograms
[INFO ]2023-07-21 22:08:08.588 [main]LoggerLoad-*************GET PROGRAMS by valid programid**********https://lms-api-hackathon-june2023-930a8b0f895d.herokuapp.com/lms/programs/10739
[INFO ]2023-07-21 22:08:08.652 [main]LoggerLoad-**************retrieve all the programs **************https://lms-api-hackathon-june2023-930a8b0f895d.herokuapp.com/lms/allPrograms
[INFO ]2023-07-21 22:11:39.122 [main]LoggerLoad-**************getting the end point for post**************https://lms-api-hackathon-june2023-930a8b0f895d.herokuapp.com/lms/saveprogram
[INFO ]2023-07-21 22:11:41.624 [main]LoggerLoad-****************Program is created valid data*********************
[INFO ]2023-07-21 22:11:41.972 [main]LoggerLoad-****************Program is created valid data*********************
[INFO ]2023-07-21 22:11:41.998 [main]LoggerLoad-**************retrieve all the programs **************https://lms-api-hackathon-june2023-930a8b0f895d.herokuapp.com/lms/allPrograms
[INFO ]2023-07-21 22:11:42.772 [main]LoggerLoad-**************retrieve all the programs **************https://lms-api-hackathon-june2023-930a8b0f895d.herokuapp.com/lms/allPrograms
[INFO ]2023-07-21 22:11:42.895 [main]LoggerLoad-**************retrieve all the programs **************https://lms-api-hackathon-june2023-930a8b0f895d.herokuapp.com/lms/allPrograms
[INFO ]2023-07-21 22:13:44.941 [main]LoggerLoad-**************getting the end point for post**************https://lms-api-hackathon-june2023-930a8b0f895d.herokuapp.com/lms/saveprogram
[INFO ]2023-07-21 22:13:47.302 [main]LoggerLoad-****************Program is created valid data*********************
[INFO ]2023-07-21 22:13:47.594 [main]LoggerLoad-****************Program is created valid data*********************
[INFO ]2023-07-21 22:13:47.621 [main]LoggerLoad-**************retrieve all the programs **************https://lms-api-hackathon-june2023-930a8b0f895d.herokuapp.com/lms/allPrograms
[INFO ]2023-07-21 22:13:47.622 [main]LoggerLoad-********************schema validation*************************
[INFO ]2023-07-21 22:13:47.654 [main]LoggerLoad-**************retrieve all the programs **************https://lms-api-hackathon-june2023-930a8b0f895d.herokuapp.com/lms/allPrograms
[INFO ]2023-07-21 22:13:47.876 [main]LoggerLoad-**************retrieve all the programs **************https://lms-api-hackathon-june2023-930a8b0f895d.herokuapp.com/lms/allPrograms
[INFO ]2023-07-21 22:14:34.294 [main]LoggerLoad-**************getting the end point for post**************https://lms-api-hackathon-june2023-930a8b0f895d.herokuapp.com/lms/saveprogram
[INFO ]2023-07-21 22:14:36.705 [main]LoggerLoad-****************Program is created valid data*********************
[INFO ]2023-07-21 22:14:37.016 [main]LoggerLoad-****************Program is created valid data*********************
[INFO ]2023-07-21 22:14:37.039 [main]LoggerLoad-**************retrieve all the programs **************https://lms-api-hackathon-june2023-930a8b0f895d.herokuapp.com/lms/allPrograms
[INFO ]2023-07-21 22:14:37.040 [main]LoggerLoad-********************schema validation*************************
[INFO ]2023-07-21 22:14:37.058 [main]LoggerLoad-**************retrieve all the programs **************https://lms-api-hackathon-june2023-930a8b0f895d.herokuapp.com/lms/allPrograms
[INFO ]2023-07-21 22:14:37.816 [main]LoggerLoad-*************GET PROGRAMS by valid programid**********https://lms-api-hackathon-june2023-930a8b0f895d.herokuapp.com/lms/programs/10739
[INFO ]2023-07-21 22:14:37.836 [main]LoggerLoad-**************retrieve all the programs **************https://lms-api-hackathon-june2023-930a8b0f895d.herokuapp.com/lms/allPrograms
[INFO ]2023-07-21 22:17:13.325 [main]LoggerLoad-**************getting the end point for post**************https://lms-api-hackathon-june2023-930a8b0f895d.herokuapp.com/lms/saveprogram
[INFO ]2023-07-21 22:17:15.681 [main]LoggerLoad-****************Program is created valid data*********************
[INFO ]2023-07-21 22:17:15.713 [main]LoggerLoad-**************retrieve all the programs **************https://lms-api-hackathon-june2023-930a8b0f895d.herokuapp.com/lms/allPrograms
[INFO ]2023-07-21 22:17:15.715 [main]LoggerLoad-********************schema validation*************************
[INFO ]2023-07-21 22:17:15.742 [main]LoggerLoad-**************retrieve all the programs **************https://lms-api-hackathon-june2023-930a8b0f895d.herokuapp.com/lms/allPrograms
[INFO ]2023-07-21 22:17:16.392 [main]LoggerLoad-*************GET PROGRAMS by valid programid**********https://lms-api-hackathon-june2023-930a8b0f895d.herokuapp.com/lms/programs/10739
[INFO ]2023-07-21 23:46:03.050 [main]LoggerLoad-**************retrieve all the programs **************https://lms-api-hackathon-june2023-930a8b0f895d.herokuapp.com/lms/allPrograms
[INFO ]2023-07-21 23:49:00.837 [main]LoggerLoad-**************retrieve all the programs **************https://lms-api-hackathon-june2023-930a8b0f895d.herokuapp.com/lms/allPrograms
[INFO ]2023-07-21 23:52:14.191 [main]LoggerLoad-**************retrieve all the programs **************https://lms-api-hackathon-june2023-930a8b0f895d.herokuapp.com/lms/allPrograms
[INFO ]2023-07-22 00:15:28.818 [main]LoggerLoad-**************retrieve all the programs **************https://lms-api-hackathon-june2023-930a8b0f895d.herokuapp.com/lms/allPrograms
[INFO ]2023-07-22 00:18:56.113 [main]LoggerLoad-**************getting the end point for post**************https://lms-api-hackathon-june2023-930a8b0f895d.herokuapp.com/lms/batches
[INFO ]2023-07-22 00:21:50.408 [main]LoggerLoad-**************getting the end point for post**************https://lms-api-hackathon-june2023-930a8b0f895d.herokuapp.com/lms/batches
[INFO ]2023-07-22 00:28:08.821 [main]LoggerLoad-**************getting the end point for post**************https://lms-api-hackathon-june2023-930a8b0f895d.herokuapp.com/lms/batches
[INFO ]2023-07-22 00:30:10.280 [main]LoggerLoad-**************getting the end point for post**************https://lms-api-hackathon-june2023-930a8b0f895d.herokuapp.com/lms/batches
